<?xml version="1.0" encoding="UTF-8"?>
<testng-results ignored="0" total="1" passed="1" failed="0" skipped="0">
  <reporter-output>
  </reporter-output>
  <suite started-at="2024-02-19T11:07:01 BDT" name="Surefire suite" finished-at="2024-02-19T11:07:49 BDT" duration-ms="47738">
    <groups>
    </groups>
    <test started-at="2024-02-19T11:07:01 BDT" name="Surefire test" finished-at="2024-02-19T11:07:49 BDT" duration-ms="47738">
      <class name="com.example.demo_blog_automation.LoginTest">
        <test-method is-config="true" signature="openApp()[pri:0, instance:com.example.demo_blog_automation.LoginTest@49d904ec]" started-at="2024-02-19T11:07:01 BDT" name="openApp" finished-at="2024-02-19T11:07:46 BDT" duration-ms="45111" status="PASS">
          <reporter-output>
          </reporter-output>
        </test-method> <!-- openApp -->
        <test-method signature="login()[pri:0, instance:com.example.demo_blog_automation.LoginTest@49d904ec]" started-at="2024-02-19T11:07:46 BDT" name="login" finished-at="2024-02-19T11:07:48 BDT" duration-ms="2358" status="PASS">
          <reporter-output>
          </reporter-output>
        </test-method> <!-- login -->
        <test-method is-config="true" signature="tearDown()[pri:0, instance:com.example.demo_blog_automation.LoginTest@49d904ec]" started-at="2024-02-19T11:07:48 BDT" name="tearDown" finished-at="2024-02-19T11:07:49 BDT" duration-ms="235" status="PASS">
          <reporter-output>
          </reporter-output>
        </test-method> <!-- tearDown -->
        <test-method is-config="true" signature="postTestCleanup()[pri:0, instance:com.example.demo_blog_automation.LoginTest@49d904ec]" started-at="2024-02-19T11:07:49 BDT" name="postTestCleanup" finished-at="2024-02-19T11:07:49 BDT" duration-ms="4" status="PASS">
          <reporter-output>
          </reporter-output>
        </test-method> <!-- postTestCleanup -->
      </class> <!-- com.example.demo_blog_automation.LoginTest -->
    </test> <!-- Surefire test -->
  </suite> <!-- Surefire suite -->
</testng-results>
